Using pre-set license
Built from '6000.0/staging' branch; Version is '6000.0.38f1 (82314a941f2d) revision 8532298'; Using compiler version '193933523'; Build Type 'Release'
OS: 'Windows 11  (10.0.26100) 64bit CoreSingleLanguage' Language: 'pt' Physical Memory: 8013 MB
BatchMode: 1, IsHumanControllingUs: 0, StartBugReporterOnCrash: 0, Is64bit: 1, IsPro: 1

COMMAND LINE ARGUMENTS:
C:\Program Files\Unity\Hub\Editor\6000.0.38f1\Editor\Unity.exe
-adb2
-batchMode
-noUpm
-name
AssetImportWorker3
-projectPath
C:/Users/jpsil/Documents/Estudos em C/Jogos/map test
-logFile
Logs/AssetImportWorker3.log
-srvPort
50606
-job-worker-count
3
-background-job-worker-count
8
-gc-helper-count
1
Successfully changed project path to: C:/Users/jpsil/Documents/Estudos em C/Jogos/map test
C:/Users/jpsil/Documents/Estudos em C/Jogos/map test
[UnityMemory] Configuration Parameters - Can be set up in boot.config
    "memorysetup-bucket-allocator-granularity=16"
    "memorysetup-bucket-allocator-bucket-count=8"
    "memorysetup-bucket-allocator-block-size=33554432"
    "memorysetup-bucket-allocator-block-count=8"
    "memorysetup-main-allocator-block-size=16777216"
    "memorysetup-thread-allocator-block-size=16777216"
    "memorysetup-gfx-main-allocator-block-size=16777216"
    "memorysetup-gfx-thread-allocator-block-size=16777216"
    "memorysetup-cache-allocator-block-size=4194304"
    "memorysetup-typetree-allocator-block-size=2097152"
    "memorysetup-profiler-bucket-allocator-granularity=16"
    "memorysetup-profiler-bucket-allocator-bucket-count=8"
    "memorysetup-profiler-bucket-allocator-block-size=33554432"
    "memorysetup-profiler-bucket-allocator-block-count=8"
    "memorysetup-profiler-allocator-block-size=16777216"
    "memorysetup-profiler-editor-allocator-block-size=1048576"
    "memorysetup-temp-allocator-size-main=16777216"
    "memorysetup-job-temp-allocator-block-size=2097152"
    "memorysetup-job-temp-allocator-block-size-background=1048576"
    "memorysetup-job-temp-allocator-reduction-small-platforms=262144"
    "memorysetup-allocator-temp-initial-block-size-main=262144"
    "memorysetup-allocator-temp-initial-block-size-worker=262144"
    "memorysetup-temp-allocator-size-background-worker=32768"
    "memorysetup-temp-allocator-size-job-worker=262144"
    "memorysetup-temp-allocator-size-preload-manager=33554432"
    "memorysetup-temp-allocator-size-nav-mesh-worker=65536"
    "memorysetup-temp-allocator-size-audio-worker=65536"
    "memorysetup-temp-allocator-size-cloud-worker=32768"
    "memorysetup-temp-allocator-size-gi-baking-worker=262144"
    "memorysetup-temp-allocator-size-gi-baking-worker=262144"
    "memorysetup-temp-allocator-size-gi-baking-worker=262144"
    "memorysetup-temp-allocator-size-gi-baking-worker=262144"
    "memorysetup-temp-allocator-size-gi-baking-worker=262144"
    "memorysetup-temp-allocator-size-gfx=262144"
Player connection [12392]  Target information:

Player connection [12392]  * "[IP] 192.168.0.68 [Port] 0 [Flags] 2 [Guid] 413604831 [EditorId] 413604831 [Version] 1048832 [Id] WindowsEditor(7,Acer-Aspire-5-de-João) [Debug] 1 [PackageName] WindowsEditor [ProjectName] Editor" 

Player connection [12392] Host joined multi-casting on [225.0.0.222:54997]...
Player connection [12392] Host joined alternative multi-casting on [225.0.0.222:34997]...
JobSystem: Creating JobQueue using job-worker-count value 3
Input System module state changed to: Initialized.
[Physics::Module] Initialized fallback backend.
[Physics::Module] Id: 0xdecafbad
Library Redirect Path: Library/
[Physics::Module] Selected backend.
[Physics::Module] Name: PhysX
[Physics::Module] Id: 0xf2b8ea05
[Physics::Module] SDK Version: 4.1.2
[Physics::Module] Integration Version: 1.0.0
[Physics::Module] Threading Mode: Multi-Threaded
Refreshing native plugins compatible for Editor in 67.39 ms, found 3 plugins.
Preloading 0 native plugins for Editor in 0.00 ms.
Initialize engine version: 6000.0.38f1 (82314a941f2d)
[Subsystems] Discovering subsystems at path C:/Program Files/Unity/Hub/Editor/6000.0.38f1/Editor/Data/Resources/UnitySubsystems
[Subsystems] Discovering subsystems at path C:/Users/jpsil/Documents/Estudos em C/Jogos/map test/Assets
GfxDevice: creating device client; kGfxThreadingModeNonThreaded
Direct3D:
    Version:  Direct3D 11.0 [level 11.1]
    Renderer: NVIDIA GeForce MX250 (ID=0x1d13)
    Vendor:   NVIDIA
    VRAM:     1968 MB
    Driver:   31.0.15.5222
Initialize mono
Mono path[0] = 'C:/Program Files/Unity/Hub/Editor/6000.0.38f1/Editor/Data/Managed'
Mono path[1] = 'C:/Program Files/Unity/Hub/Editor/6000.0.38f1/Editor/Data/MonoBleedingEdge/lib/mono/unityjit-win32'
Mono config path = 'C:/Program Files/Unity/Hub/Editor/6000.0.38f1/Editor/Data/MonoBleedingEdge/etc'
Using monoOptions --debugger-agent=transport=dt_socket,embedding=1,server=y,suspend=n,address=127.0.0.1:56604
Begin MonoManager ReloadAssembly
Registering precompiled unity dll's ...
Register platform support module: C:/Program Files/Unity/Hub/Editor/6000.0.38f1/Editor/Data/PlaybackEngines/WindowsStandaloneSupport/UnityEditor.WindowsStandalone.Extensions.dll
Registered in 0.020572 seconds.
- Loaded All Assemblies, in  9.584 seconds
Native extension for WindowsStandalone target not found
Mono: successfully reloaded assembly
- Finished resetting the current domain, in  2.005 seconds
Domain Reload Profiling: 11554ms
	BeginReloadAssembly (4020ms)
		ExecutionOrderSort (0ms)
		DisableScriptedObjects (0ms)
		BackupInstance (0ms)
		ReleaseScriptingObjects (0ms)
		CreateAndSetChildDomain (9ms)
	RebuildCommonClasses (1795ms)
	RebuildNativeTypeToScriptingClass (624ms)
	initialDomainReloadingComplete (1114ms)
	LoadAllAssembliesAndSetupDomain (1994ms)
		LoadAssemblies (3938ms)
		RebuildTransferFunctionScriptingTraits (0ms)
		AnalyzeDomain (1945ms)
			TypeCache.Refresh (1933ms)
				TypeCache.ScanAssembly (1815ms)
			BuildScriptInfoCaches (4ms)
			ResolveRequiredComponents (3ms)
	FinalizeReload (2006ms)
		ReleaseScriptCaches (0ms)
		RebuildScriptCaches (0ms)
		SetupLoadedEditorAssemblies (1745ms)
			LogAssemblyErrors (0ms)
			InitializePlatformSupportModulesInManaged (153ms)
			SetLoadedEditorAssemblies (26ms)
			BeforeProcessingInitializeOnLoad (385ms)
			ProcessInitializeOnLoadAttributes (854ms)
			ProcessInitializeOnLoadMethodAttributes (327ms)
			AfterProcessingInitializeOnLoad (0ms)
			EditorAssembliesLoaded (0ms)
		ExecutionOrderSort2 (0ms)
		AwakeInstancesAfterBackupRestoration (0ms)
========================================================================
Worker process is ready to serve import requests
Import Worker Mode flag is 0x00
Begin MonoManager ReloadAssembly
- Loaded All Assemblies, in  5.265 seconds
Refreshing native plugins compatible for Editor in 5.65 ms, found 3 plugins.
Native extension for WindowsStandalone target not found
Mono: successfully reloaded assembly
- Finished resetting the current domain, in  5.249 seconds
Domain Reload Profiling: 10488ms
	BeginReloadAssembly (1138ms)
		ExecutionOrderSort (0ms)
		DisableScriptedObjects (44ms)
		BackupInstance (0ms)
		ReleaseScriptingObjects (0ms)
		CreateAndSetChildDomain (153ms)
	RebuildCommonClasses (212ms)
	RebuildNativeTypeToScriptingClass (74ms)
	initialDomainReloadingComplete (226ms)
	LoadAllAssembliesAndSetupDomain (3588ms)
		LoadAssemblies (2254ms)
		RebuildTransferFunctionScriptingTraits (0ms)
		AnalyzeDomain (2038ms)
			TypeCache.Refresh (1582ms)
				TypeCache.ScanAssembly (1490ms)
			BuildScriptInfoCaches (371ms)
			ResolveRequiredComponents (68ms)
	FinalizeReload (5252ms)
		ReleaseScriptCaches (0ms)
		RebuildScriptCaches (0ms)
		SetupLoadedEditorAssemblies (3872ms)
			LogAssemblyErrors (0ms)
			InitializePlatformSupportModulesInManaged (10ms)
			SetLoadedEditorAssemblies (29ms)
			BeforeProcessingInitializeOnLoad (807ms)
			ProcessInitializeOnLoadAttributes (2143ms)
			ProcessInitializeOnLoadMethodAttributes (857ms)
			AfterProcessingInitializeOnLoad (26ms)
			EditorAssembliesLoaded (1ms)
		ExecutionOrderSort2 (0ms)
		AwakeInstancesAfterBackupRestoration (38ms)
Launched and connected shader compiler UnityShaderCompiler.exe after 0.10 seconds
Refreshing native plugins compatible for Editor in 5.28 ms, found 3 plugins.
Preloading 0 native plugins for Editor in 0.00 ms.
Unloading 198 Unused Serialized files (Serialized files now loaded: 0)
Unloading 5962 unused Assets / (6.8 MB). Loaded Objects now: 6599.
Memory consumption went from 152.0 MB to 145.2 MB.
Total: 41.490400 ms (FindLiveObjects: 2.156000 ms CreateObjectMapping: 2.469300 ms MarkObjects: 22.485300 ms  DeleteObjects: 14.376600 ms)

========================================================================
Received Import Request.
  Time since last request: 419043.416961 seconds.
  path: Assets/textures
  artifactKey: Guid(673c76960c3bab4459d081ac728c7235) Importer(815301076,1909f56bfc062723c751e8b465ee728b)
Start importing Assets/textures using Guid(673c76960c3bab4459d081ac728c7235) Importer(815301076,1909f56bfc062723c751e8b465ee728b) (PreviewImporter) -> (artifact id: '52b93931e1b00db67e71e3021f50d7d7') in 0.0245822 seconds
Number of updated asset objects reloaded before import = 0Number of asset objects unloaded after import = 0

========================================================================
Received Import Request.
  Time since last request: 0.000053 seconds.
  path: Assets/InputSystem_Actions.inputactions
  artifactKey: Guid(052faaac586de48259a63d0c4782560b) Importer(815301076,1909f56bfc062723c751e8b465ee728b)
Start importing Assets/InputSystem_Actions.inputactions using Guid(052faaac586de48259a63d0c4782560b) Importer(815301076,1909f56bfc062723c751e8b465ee728b) (PreviewImporter) -> (artifact id: '02e5b530d5b44d961131ffba578cd945') in 0.0852754 seconds
Number of updated asset objects reloaded before import = 0Number of asset objects unloaded after import = 20

========================================================================
Received Import Request.
  Time since last request: 0.000092 seconds.
  path: Assets/Readme.asset
  artifactKey: Guid(8105016687592461f977c054a80ce2f2) Importer(815301076,1909f56bfc062723c751e8b465ee728b)
Start importing Assets/Readme.asset using Guid(8105016687592461f977c054a80ce2f2) Importer(815301076,1909f56bfc062723c751e8b465ee728b) (PreviewImporter) -> (artifact id: '50ea5ad2cda8720781b90d71f311d8d1') in 0.0117658 seconds
Number of updated asset objects reloaded before import = 0Number of asset objects unloaded after import = 2

========================================================================
Received Import Request.
  Time since last request: 1099.024036 seconds.
  path: Assets/Textures/Alfombra2.png
  artifactKey: Guid(69e3bb8ca29b7c041ac0396928511300) Importer(815301076,1909f56bfc062723c751e8b465ee728b)
Start importing Assets/Textures/Alfombra2.png using Guid(69e3bb8ca29b7c041ac0396928511300) Importer(815301076,1909f56bfc062723c751e8b465ee728b) (PreviewImporter) -> (artifact id: '531569deedf67341d769cd7f5d9f4943') in 1.0937643 seconds
Number of updated asset objects reloaded before import = 0Number of asset objects unloaded after import = 2

========================================================================
Received Import Request.
  Time since last request: 0.000411 seconds.
  path: Assets/Textures/Pared.jpg.001.jpg
  artifactKey: Guid(471915844cea3e24691669331191bcfd) Importer(815301076,1909f56bfc062723c751e8b465ee728b)
Start importing Assets/Textures/Pared.jpg.001.jpg using Guid(471915844cea3e24691669331191bcfd) Importer(815301076,1909f56bfc062723c751e8b465ee728b) (PreviewImporter) -> (artifact id: 'bef46080619f65d9b25a79672c0835ba') in 0.0522999 seconds
Number of updated asset objects reloaded before import = 0Number of asset objects unloaded after import = 2

========================================================================
Received Import Request.
  Time since last request: 0.000055 seconds.
  path: Assets/Textures/Piso2.jpg
  artifactKey: Guid(7db6ae3410e767246a7eb7b5cfc5b54c) Importer(815301076,1909f56bfc062723c751e8b465ee728b)
Start importing Assets/Textures/Piso2.jpg using Guid(7db6ae3410e767246a7eb7b5cfc5b54c) Importer(815301076,1909f56bfc062723c751e8b465ee728b) (PreviewImporter) -> (artifact id: '44bdf01a260f62e8ffa25c414a7e00fc') in 0.0500698 seconds
Number of updated asset objects reloaded before import = 0Number of asset objects unloaded after import = 2

========================================================================
Received Import Request.
  Time since last request: 0.000038 seconds.
  path: Assets/Textures/Muro.jpg
  artifactKey: Guid(b8a8423ba44cd384ba9ce93619ee3c39) Importer(815301076,1909f56bfc062723c751e8b465ee728b)
Start importing Assets/Textures/Muro.jpg using Guid(b8a8423ba44cd384ba9ce93619ee3c39) Importer(815301076,1909f56bfc062723c751e8b465ee728b) (PreviewImporter) -> (artifact id: '3fdd49c0c451cbd9c8141e9db13bf2bf') in 0.0423039 seconds
Number of updated asset objects reloaded before import = 0Number of asset objects unloaded after import = 2

========================================================================
Received Import Request.
  Time since last request: 0.000039 seconds.
  path: Assets/Textures/Piso.png
  artifactKey: Guid(abe71d371266cf643b25cfbb649bccbc) Importer(815301076,1909f56bfc062723c751e8b465ee728b)
Start importing Assets/Textures/Piso.png using Guid(abe71d371266cf643b25cfbb649bccbc) Importer(815301076,1909f56bfc062723c751e8b465ee728b) (PreviewImporter) -> (artifact id: 'dd109b6eac392eadbfa4295aa00818cf') in 0.0472392 seconds
Number of updated asset objects reloaded before import = 0Number of asset objects unloaded after import = 2

========================================================================
Received Import Request.
  Time since last request: 0.000072 seconds.
  path: Assets/Textures/Lavadora.jpg
  artifactKey: Guid(6fcf072f7b081cc48bd38afcb3560629) Importer(815301076,1909f56bfc062723c751e8b465ee728b)
Start importing Assets/Textures/Lavadora.jpg using Guid(6fcf072f7b081cc48bd38afcb3560629) Importer(815301076,1909f56bfc062723c751e8b465ee728b) (PreviewImporter) -> (artifact id: 'f00a290155e2cfe0c36a17497b226cda') in 0.0433065 seconds
Number of updated asset objects reloaded before import = 0Number of asset objects unloaded after import = 2

========================================================================
Received Import Request.
  Time since last request: 0.000037 seconds.
  path: Assets/Textures/Arbol1.png
  artifactKey: Guid(40263a81c44f51b479bb90c61ffb5cb4) Importer(815301076,1909f56bfc062723c751e8b465ee728b)
Start importing Assets/Textures/Arbol1.png using Guid(40263a81c44f51b479bb90c61ffb5cb4) Importer(815301076,1909f56bfc062723c751e8b465ee728b) (PreviewImporter) -> (artifact id: '0f03988155b3a7e7d207a887a1283d8f') in 0.0458319 seconds
Number of updated asset objects reloaded before import = 0Number of asset objects unloaded after import = 2

========================================================================
Received Import Request.
  Time since last request: 0.000033 seconds.
  path: Assets/Textures/Madera5.jpg
  artifactKey: Guid(3185a7881343cba449ba7127b606f4d6) Importer(815301076,1909f56bfc062723c751e8b465ee728b)
Start importing Assets/Textures/Madera5.jpg using Guid(3185a7881343cba449ba7127b606f4d6) Importer(815301076,1909f56bfc062723c751e8b465ee728b) (PreviewImporter) -> (artifact id: 'dec4ddd2985597610b47c017e3376dec') in 0.0439021 seconds
Number of updated asset objects reloaded before import = 0Number of asset objects unloaded after import = 2

========================================================================
Received Import Request.
  Time since last request: 0.000044 seconds.
  path: Assets/Textures/Ban.jpg.001.jpg
  artifactKey: Guid(50c63d49cc7c99e458aed942f3d9cbdf) Importer(815301076,1909f56bfc062723c751e8b465ee728b)
Start importing Assets/Textures/Ban.jpg.001.jpg using Guid(50c63d49cc7c99e458aed942f3d9cbdf) Importer(815301076,1909f56bfc062723c751e8b465ee728b) (PreviewImporter) -> (artifact id: '52ac5a8f7c5208e466473d0826b0ef61') in 0.0559944 seconds
Number of updated asset objects reloaded before import = 0Number of asset objects unloaded after import = 2

========================================================================
Received Import Request.
  Time since last request: 0.000037 seconds.
  path: Assets/Textures/Barril.jpg
  artifactKey: Guid(99294041f334a744b8b134e7edd9da08) Importer(815301076,1909f56bfc062723c751e8b465ee728b)
Start importing Assets/Textures/Barril.jpg using Guid(99294041f334a744b8b134e7edd9da08) Importer(815301076,1909f56bfc062723c751e8b465ee728b) (PreviewImporter) -> (artifact id: '6ef102558331a5bc7b32a739412e7c6d') in 0.0388853 seconds
Number of updated asset objects reloaded before import = 0Number of asset objects unloaded after import = 2

========================================================================
Received Import Request.
  Time since last request: 0.000036 seconds.
  path: Assets/Textures/Banera.png
  artifactKey: Guid(6bd325e84e7ea1b44b22711b5bcec51a) Importer(815301076,1909f56bfc062723c751e8b465ee728b)
Start importing Assets/Textures/Banera.png using Guid(6bd325e84e7ea1b44b22711b5bcec51a) Importer(815301076,1909f56bfc062723c751e8b465ee728b) (PreviewImporter) -> (artifact id: 'ac2533d41e75c37889ffda6f866dfe8c') in 0.0467957 seconds
Number of updated asset objects reloaded before import = 0Number of asset objects unloaded after import = 2

========================================================================
Received Import Request.
  Time since last request: 0.000059 seconds.
  path: Assets/Textures/Madera4.jpg
  artifactKey: Guid(a45124cc37345dc40ac6737852662100) Importer(815301076,1909f56bfc062723c751e8b465ee728b)
Start importing Assets/Textures/Madera4.jpg using Guid(a45124cc37345dc40ac6737852662100) Importer(815301076,1909f56bfc062723c751e8b465ee728b) (PreviewImporter) -> (artifact id: 'd816448f3ca2e97dd5481eec8c419191') in 0.0417235 seconds
Number of updated asset objects reloaded before import = 0Number of asset objects unloaded after import = 2

========================================================================
Received Import Request.
  Time since last request: 0.000044 seconds.
  path: Assets/Textures/Piso.png.001.png
  artifactKey: Guid(3377316ea844eab4daeba08d90acefc6) Importer(815301076,1909f56bfc062723c751e8b465ee728b)
Start importing Assets/Textures/Piso.png.001.png using Guid(3377316ea844eab4daeba08d90acefc6) Importer(815301076,1909f56bfc062723c751e8b465ee728b) (PreviewImporter) -> (artifact id: '780a2dd6144f085f2ddafa2e3fd117ee') in 0.0411326 seconds
Number of updated asset objects reloaded before import = 0Number of asset objects unloaded after import = 2

========================================================================
Received Import Request.
  Time since last request: 0.000042 seconds.
  path: Assets/Textures/P1.jpg
  artifactKey: Guid(8ca63b374d6b19841ae6566739bac730) Importer(815301076,1909f56bfc062723c751e8b465ee728b)
Start importing Assets/Textures/P1.jpg using Guid(8ca63b374d6b19841ae6566739bac730) Importer(815301076,1909f56bfc062723c751e8b465ee728b) (PreviewImporter) -> (artifact id: '3edcbb2039e05d8c924fe468209fe9cd') in 0.0377327 seconds
Number of updated asset objects reloaded before import = 0Number of asset objects unloaded after import = 2

========================================================================
Received Import Request.
  Time since last request: 0.000306 seconds.
  path: Assets/Textures/Monitores.jpg
  artifactKey: Guid(a20a59b10bebce14e86b9c4e49c99373) Importer(815301076,1909f56bfc062723c751e8b465ee728b)
Start importing Assets/Textures/Monitores.jpg using Guid(a20a59b10bebce14e86b9c4e49c99373) Importer(815301076,1909f56bfc062723c751e8b465ee728b) (PreviewImporter) -> (artifact id: '32a8e202ec1d2fc84b93ac7cf6bcb7ca') in 0.0408699 seconds
Number of updated asset objects reloaded before import = 0Number of asset objects unloaded after import = 2

========================================================================
Received Import Request.
  Time since last request: 0.000039 seconds.
  path: Assets/Textures/Madera2.jpg
  artifactKey: Guid(dadea840f629a904fbf16387e351da7e) Importer(815301076,1909f56bfc062723c751e8b465ee728b)
Start importing Assets/Textures/Madera2.jpg using Guid(dadea840f629a904fbf16387e351da7e) Importer(815301076,1909f56bfc062723c751e8b465ee728b) (PreviewImporter) -> (artifact id: 'd5fe3a7dad3a87fbd60542819ce9fdd4') in 0.0493604 seconds
Number of updated asset objects reloaded before import = 0Number of asset objects unloaded after import = 2

========================================================================
Received Import Request.
  Time since last request: 0.000035 seconds.
  path: Assets/Textures/Pasto2.jpg
  artifactKey: Guid(8fa83c38c1477174a8ad0c6fa53365ed) Importer(815301076,1909f56bfc062723c751e8b465ee728b)
Start importing Assets/Textures/Pasto2.jpg using Guid(8fa83c38c1477174a8ad0c6fa53365ed) Importer(815301076,1909f56bfc062723c751e8b465ee728b) (PreviewImporter) -> (artifact id: '35594794d5f71058a2d2bb73900f349f') in 0.0427628 seconds
Number of updated asset objects reloaded before import = 0Number of asset objects unloaded after import = 2

========================================================================
Received Import Request.
  Time since last request: 0.000043 seconds.
  path: Assets/Textures/Cajadefusiles.jpg
  artifactKey: Guid(c1d7324391dc836469143b5ce1922d68) Importer(815301076,1909f56bfc062723c751e8b465ee728b)
Start importing Assets/Textures/Cajadefusiles.jpg using Guid(c1d7324391dc836469143b5ce1922d68) Importer(815301076,1909f56bfc062723c751e8b465ee728b) (PreviewImporter) -> (artifact id: '4f25b5b100d16101e7a2e3ea39f8c97d') in 0.0438754 seconds
Number of updated asset objects reloaded before import = 0Number of asset objects unloaded after import = 2

========================================================================
Received Import Request.
  Time since last request: 0.000028 seconds.
  path: Assets/Textures/Madera8.jpg
  artifactKey: Guid(22a22f1e6dccadc478f2a96188f3ed06) Importer(815301076,1909f56bfc062723c751e8b465ee728b)
Start importing Assets/Textures/Madera8.jpg using Guid(22a22f1e6dccadc478f2a96188f3ed06) Importer(815301076,1909f56bfc062723c751e8b465ee728b) (PreviewImporter) -> (artifact id: '441e60b3160c7770fc58755ec9f2441d') in 0.0361509 seconds
Number of updated asset objects reloaded before import = 0Number of asset objects unloaded after import = 2

========================================================================
Received Import Request.
  Time since last request: 0.000041 seconds.
  path: Assets/Textures/Piso_Piscina.jpg
  artifactKey: Guid(cea0b91ba97fc7a4a82a140da0748bc0) Importer(815301076,1909f56bfc062723c751e8b465ee728b)
Start importing Assets/Textures/Piso_Piscina.jpg using Guid(cea0b91ba97fc7a4a82a140da0748bc0) Importer(815301076,1909f56bfc062723c751e8b465ee728b) (PreviewImporter) -> (artifact id: '2588d8df500e826eba19eb8cb8ea60fc') in 0.0418029 seconds
Number of updated asset objects reloaded before import = 0Number of asset objects unloaded after import = 2

========================================================================
Received Import Request.
  Time since last request: 0.000051 seconds.
  path: Assets/Textures/Ladrillos.jpg
  artifactKey: Guid(129fc1f27e8905047a1ca887728ad10f) Importer(815301076,1909f56bfc062723c751e8b465ee728b)
Start importing Assets/Textures/Ladrillos.jpg using Guid(129fc1f27e8905047a1ca887728ad10f) Importer(815301076,1909f56bfc062723c751e8b465ee728b) (PreviewImporter) -> (artifact id: '9dca4b566bb62ed25ba406d17ac4ce19') in 0.0437779 seconds
Number of updated asset objects reloaded before import = 0Number of asset objects unloaded after import = 2

========================================================================
Received Import Request.
  Time since last request: 0.000038 seconds.
  path: Assets/Textures/fusil.png
  artifactKey: Guid(dba0386c6b7a0c24990618d935247164) Importer(815301076,1909f56bfc062723c751e8b465ee728b)
Start importing Assets/Textures/fusil.png using Guid(dba0386c6b7a0c24990618d935247164) Importer(815301076,1909f56bfc062723c751e8b465ee728b) (PreviewImporter) -> (artifact id: 'f6f78ac7de8aa44b5dbe15f8e4282411') in 0.0482547 seconds
Number of updated asset objects reloaded before import = 0Number of asset objects unloaded after import = 2

========================================================================
Received Import Request.
  Time since last request: 0.000041 seconds.
  path: Assets/Textures/Casa_f.png
  artifactKey: Guid(3b75b02eeea2d5f4c98fbfca8a2a4612) Importer(815301076,1909f56bfc062723c751e8b465ee728b)
Start importing Assets/Textures/Casa_f.png using Guid(3b75b02eeea2d5f4c98fbfca8a2a4612) Importer(815301076,1909f56bfc062723c751e8b465ee728b) (PreviewImporter) -> (artifact id: 'd78f53df7774cc19145e1b37b4e1165c') in 0.0492963 seconds
Number of updated asset objects reloaded before import = 0Number of asset objects unloaded after import = 2

========================================================================
Received Import Request.
  Time since last request: 0.000049 seconds.
  path: Assets/Textures/Metal1.jpg
  artifactKey: Guid(5ab052221f3d6de4eb917b782cf6cbe3) Importer(815301076,1909f56bfc062723c751e8b465ee728b)
Start importing Assets/Textures/Metal1.jpg using Guid(5ab052221f3d6de4eb917b782cf6cbe3) Importer(815301076,1909f56bfc062723c751e8b465ee728b) (PreviewImporter) -> (artifact id: 'a424e2e38f1ec201c6d63ec8004e6b31') in 0.0367656 seconds
Number of updated asset objects reloaded before import = 0Number of asset objects unloaded after import = 2

========================================================================
Received Import Request.
  Time since last request: 115.349937 seconds.
  path: Assets/Textures/Planta (5).png
  artifactKey: Guid(48529bc8aacb0d549bae51dbf44e4836) Importer(815301076,1909f56bfc062723c751e8b465ee728b)
Start importing Assets/Textures/Planta (5).png using Guid(48529bc8aacb0d549bae51dbf44e4836) Importer(815301076,1909f56bfc062723c751e8b465ee728b) (PreviewImporter) -> (artifact id: '41f7e4002d90c3def7292f8e9c930c53') in 0.0537972 seconds
Number of updated asset objects reloaded before import = 0Number of asset objects unloaded after import = 2

========================================================================
Received Import Request.
  Time since last request: 0.000046 seconds.
  path: Assets/Textures/t (28).jpg
  artifactKey: Guid(8ffba6ee2edc857489030c9e92fa0c49) Importer(815301076,1909f56bfc062723c751e8b465ee728b)
Start importing Assets/Textures/t (28).jpg using Guid(8ffba6ee2edc857489030c9e92fa0c49) Importer(815301076,1909f56bfc062723c751e8b465ee728b) (PreviewImporter) -> (artifact id: 'bd41a7ac44325748a82769f9691bfe69') in 0.0433327 seconds
Number of updated asset objects reloaded before import = 0Number of asset objects unloaded after import = 2

========================================================================
Received Import Request.
  Time since last request: 0.000048 seconds.
  path: Assets/Textures/road.jpg
  artifactKey: Guid(623223db343079b47ae9668807600dde) Importer(815301076,1909f56bfc062723c751e8b465ee728b)
Start importing Assets/Textures/road.jpg using Guid(623223db343079b47ae9668807600dde) Importer(815301076,1909f56bfc062723c751e8b465ee728b) (PreviewImporter) -> (artifact id: 'a9d0bf01fafc90e577cdbb3652fc4112') in 0.0467396 seconds
Number of updated asset objects reloaded before import = 0Number of asset objects unloaded after import = 2

========================================================================
Received Import Request.
  Time since last request: 0.000029 seconds.
  path: Assets/Textures/Puerta.jpg
  artifactKey: Guid(4b372b31774e36f43b5905a61726bfa7) Importer(815301076,1909f56bfc062723c751e8b465ee728b)
Start importing Assets/Textures/Puerta.jpg using Guid(4b372b31774e36f43b5905a61726bfa7) Importer(815301076,1909f56bfc062723c751e8b465ee728b) (PreviewImporter) -> (artifact id: '91f3501bf3d25c2e85b27bacd97f8a4b') in 0.0492368 seconds
Number of updated asset objects reloaded before import = 0Number of asset objects unloaded after import = 2

========================================================================
Received Import Request.
  Time since last request: 0.000039 seconds.
  path: Assets/Textures/Plastico.jpg
  artifactKey: Guid(272363056386852438b1fce4f1c408ba) Importer(815301076,1909f56bfc062723c751e8b465ee728b)
Start importing Assets/Textures/Plastico.jpg using Guid(272363056386852438b1fce4f1c408ba) Importer(815301076,1909f56bfc062723c751e8b465ee728b) (PreviewImporter) -> (artifact id: 'a742b74cd34a7c7a9fb140e48eb433e7') in 0.0420075 seconds
Number of updated asset objects reloaded before import = 0Number of asset objects unloaded after import = 2

========================================================================
Received Import Request.
  Time since last request: 0.000055 seconds.
  path: Assets/Textures/Tela1.jpg
  artifactKey: Guid(98aad3d27a7652c46ae1d503131b432d) Importer(815301076,1909f56bfc062723c751e8b465ee728b)
Start importing Assets/Textures/Tela1.jpg using Guid(98aad3d27a7652c46ae1d503131b432d) Importer(815301076,1909f56bfc062723c751e8b465ee728b) (PreviewImporter) -> (artifact id: '1916af76d84bcb26a3cf5bef5f1a1bcd') in 0.0436337 seconds
Number of updated asset objects reloaded before import = 0Number of asset objects unloaded after import = 2

========================================================================
Received Import Request.
  Time since last request: 0.000031 seconds.
  path: Assets/Textures/Tela2.jpg
  artifactKey: Guid(f56f5c2d14a7e544aaf12b97eae66cd5) Importer(815301076,1909f56bfc062723c751e8b465ee728b)
Start importing Assets/Textures/Tela2.jpg using Guid(f56f5c2d14a7e544aaf12b97eae66cd5) Importer(815301076,1909f56bfc062723c751e8b465ee728b) (PreviewImporter) -> (artifact id: '91d2690b41562f020fb684a5a8e23fdb') in 0.0359441 seconds
Number of updated asset objects reloaded before import = 0Number of asset objects unloaded after import = 2

========================================================================
Received Import Request.
  Time since last request: 3.716921 seconds.
  path: Assets/Textures/Tela5.jpg
  artifactKey: Guid(797ded3a5dbbfef4880a3b5c24b3d510) Importer(815301076,1909f56bfc062723c751e8b465ee728b)
Start importing Assets/Textures/Tela5.jpg using Guid(797ded3a5dbbfef4880a3b5c24b3d510) Importer(815301076,1909f56bfc062723c751e8b465ee728b) (PreviewImporter) -> (artifact id: 'e641fdcecbe04f21330b766117fa1574') in 0.0441252 seconds
Number of updated asset objects reloaded before import = 0Number of asset objects unloaded after import = 2

========================================================================
Received Import Request.
  Time since last request: 0.000044 seconds.
  path: Assets/Textures/Vidrio.jpg
  artifactKey: Guid(7e3f53e93e60b7543b92c4897dcdd984) Importer(815301076,1909f56bfc062723c751e8b465ee728b)
Start importing Assets/Textures/Vidrio.jpg using Guid(7e3f53e93e60b7543b92c4897dcdd984) Importer(815301076,1909f56bfc062723c751e8b465ee728b) (PreviewImporter) -> (artifact id: 'd20aa87f8ea80ac84a20c07bd8b2c937') in 0.0389981 seconds
Number of updated asset objects reloaded before import = 0Number of asset objects unloaded after import = 2

========================================================================
Received Import Request.
  Time since last request: 0.000045 seconds.
  path: Assets/Textures/Untitled.png
  artifactKey: Guid(11512d80de7bccc4db0ad9d39fd51958) Importer(815301076,1909f56bfc062723c751e8b465ee728b)
Start importing Assets/Textures/Untitled.png using Guid(11512d80de7bccc4db0ad9d39fd51958) Importer(815301076,1909f56bfc062723c751e8b465ee728b) (PreviewImporter) -> (artifact id: 'fa9ff50603be8d4b429231967801f0af') in 0.0463039 seconds
Number of updated asset objects reloaded before import = 0Number of asset objects unloaded after import = 2

========================================================================
Received Import Request.
  Time since last request: 0.000038 seconds.
  path: Assets/Textures/Untitled.001.png
  artifactKey: Guid(fd98b8bf5724da74e9270a1a5e49b58f) Importer(815301076,1909f56bfc062723c751e8b465ee728b)
Start importing Assets/Textures/Untitled.001.png using Guid(fd98b8bf5724da74e9270a1a5e49b58f) Importer(815301076,1909f56bfc062723c751e8b465ee728b) (PreviewImporter) -> (artifact id: '5000b4ddd3cbb1e3f25573a1d9bd4183') in 0.043238 seconds
Number of updated asset objects reloaded before import = 0Number of asset objects unloaded after import = 2

========================================================================
Received Import Request.
  Time since last request: 0.000034 seconds.
  path: Assets/Textures/Tele1.jpg
  artifactKey: Guid(beeb424464aa97f4895f666a0c633a69) Importer(815301076,1909f56bfc062723c751e8b465ee728b)
Start importing Assets/Textures/Tele1.jpg using Guid(beeb424464aa97f4895f666a0c633a69) Importer(815301076,1909f56bfc062723c751e8b465ee728b) (PreviewImporter) -> (artifact id: '16ceb34e908e3fdaccbb95269c65460e') in 0.0410838 seconds
Number of updated asset objects reloaded before import = 0Number of asset objects unloaded after import = 2

========================================================================
Received Import Request.
  Time since last request: 0.000137 seconds.
  path: Assets/Textures/Untitled.005.png
  artifactKey: Guid(1f881e81c637ebe46ac3633a046415cf) Importer(815301076,1909f56bfc062723c751e8b465ee728b)
Start importing Assets/Textures/Untitled.005.png using Guid(1f881e81c637ebe46ac3633a046415cf) Importer(815301076,1909f56bfc062723c751e8b465ee728b) (PreviewImporter) -> (artifact id: 'cf74a7cd3cbcfea32dcdb1544ab3ac61') in 0.0354788 seconds
Number of updated asset objects reloaded before import = 0Number of asset objects unloaded after import = 2

========================================================================
Received Import Request.
  Time since last request: 571.233892 seconds.
  path: Assets/Materials/Cuadros.png.001.mat
  artifactKey: Guid(fba556fe8b1fb4348866caaeed35f037) Importer(815301076,1909f56bfc062723c751e8b465ee728b)
Start importing Assets/Materials/Cuadros.png.001.mat using Guid(fba556fe8b1fb4348866caaeed35f037) Importer(815301076,1909f56bfc062723c751e8b465ee728b) (PreviewImporter) -> (artifact id: 'dde71d3dc806de3c1849960bc790d143') in 2.8143384 seconds
Number of updated asset objects reloaded before import = 0Number of asset objects unloaded after import = 5

========================================================================
Received Import Request.
  Time since last request: 241.776884 seconds.
  path: Assets/Materials/Madera7.mat
  artifactKey: Guid(3ae9e61ba0717024495420edc7820233) Importer(815301076,1909f56bfc062723c751e8b465ee728b)
Start importing Assets/Materials/Madera7.mat using Guid(3ae9e61ba0717024495420edc7820233) Importer(815301076,1909f56bfc062723c751e8b465ee728b) (PreviewImporter) -> (artifact id: 'd00c7f6dbd7a9b9f45540802455a9445') in 0.0640837 seconds
Number of updated asset objects reloaded before import = 0Number of asset objects unloaded after import = 2

========================================================================
Received Import Request.
  Time since last request: 1520.111319 seconds.
  path: Assets/Materials/Arbol1 1.mat
  artifactKey: Guid(e9f444b7b5df0194a89a405376c46fd0) Importer(815301076,1909f56bfc062723c751e8b465ee728b)
Start importing Assets/Materials/Arbol1 1.mat using Guid(e9f444b7b5df0194a89a405376c46fd0) Importer(815301076,1909f56bfc062723c751e8b465ee728b) (PreviewImporter) -> (artifact id: 'd5831f23f7edd2cb8ee254ba4f6bbcb1') in 11.838802 seconds
Number of updated asset objects reloaded before import = 0Number of asset objects unloaded after import = 1

========================================================================
Received Import Request.
  Time since last request: 130.469846 seconds.
  path: Assets/Materials/planta5.mat
  artifactKey: Guid(2d524cbaaceec8746a80818432a323dc) Importer(815301076,1909f56bfc062723c751e8b465ee728b)
Start importing Assets/Materials/planta5.mat using Guid(2d524cbaaceec8746a80818432a323dc) Importer(815301076,1909f56bfc062723c751e8b465ee728b) (PreviewImporter) -> (artifact id: '386779f838d8ad8c84f8b39ebadf7b7c') in 0.1768108 seconds
Number of updated asset objects reloaded before import = 0Number of asset objects unloaded after import = 1

========================================================================
Received Import Request.
  Time since last request: 0.000067 seconds.
  path: Assets/Materials/Vidrio.mat
  artifactKey: Guid(dbeb83fc44ac1e943ba7fbec6cd7fa4f) Importer(815301076,1909f56bfc062723c751e8b465ee728b)
Start importing Assets/Materials/Vidrio.mat using Guid(dbeb83fc44ac1e943ba7fbec6cd7fa4f) Importer(815301076,1909f56bfc062723c751e8b465ee728b) (PreviewImporter) -> (artifact id: '133afc7a9e3ffb0dd6760c7a8a6d148a') in 14.0535613 seconds
Number of updated asset objects reloaded before import = 0Number of asset objects unloaded after import = 2

